2020-03-06 13:05:58	14215	thread_name	0	[ERROR]	[xx]	/home/wangk/code/cpp/sylar/code/my_sylar/tests/testLog.cpp:28	xxx
2020-03-06 13:05:58	14215	thread_name	0	[ERROR]	[root]	/home/wangk/code/cpp/sylar/code/my_sylar/tests/testLog.cpp:32	root
